<?xml version="1.0" encoding="UTF-8"?>
<testng-results ignored="0" total="6" passed="5" failed="1" skipped="0">
  <reporter-output>
    <line>
      <![CDATA[Capturing Screenshot]]>
    </line>
    <line>
      <![CDATA[<a target="_blank"href=Sat_Jan_23_13_12_16_IST_2021.png>Screenshot</a>]]>
    </line>
    <line>
      <![CDATA[<br>]]>
    </line>
    <line>
      <![CDATA[<a target="_blank"href=Sat_Jan_23_13_12_16_IST_2021.png><img src= Sat_Jan_23_13_12_16_IST_2021.png height=200 width=200></img></a>]]>
    </line>
  </reporter-output>
  <suite started-at="2021-01-23T13:12:11 IST" name="Suite Data Driven Framework" finished-at="2021-01-23T13:12:52 IST" duration-ms="40853">
    <groups>
    </groups>
    <test started-at="2021-01-23T13:12:11 IST" name="Bank Manager Login Test" finished-at="2021-01-23T13:12:17 IST" duration-ms="6278">
      <class name="testcases.BankManagerLoginnTest">
        <test-method signature="LoginAsBankManager()[pri:0, instance:testcases.BankManagerLoginnTest@2364305a]" started-at="2021-01-23T13:12:11 IST" name="LoginAsBankManager" finished-at="2021-01-23T13:12:16 IST" duration-ms="4885" status="FAIL">
          <exception class="java.lang.AssertionError">
            <message>
              <![CDATA[null]]>
            </message>
            <full-stacktrace>
              <![CDATA[java.lang.AssertionError: null
at org.testng.Assert.fail(Assert.java:99)
at org.testng.Assert.fail(Assert.java:106)
at testcases.BankManagerLoginnTest.LoginAsBankManager(BankManagerLoginnTest.java:35)
at java.base/jdk.internal.reflect.NativeMethodAccessorImpl.invoke0(Native Method)
at java.base/jdk.internal.reflect.NativeMethodAccessorImpl.invoke(NativeMethodAccessorImpl.java:62)
at java.base/jdk.internal.reflect.DelegatingMethodAccessorImpl.invoke(DelegatingMethodAccessorImpl.java:43)
at java.base/java.lang.reflect.Method.invoke(Method.java:566)
at org.testng.internal.MethodInvocationHelper.invokeMethod(MethodInvocationHelper.java:132)
at org.testng.internal.TestInvoker.invokeMethod(TestInvoker.java:599)
at org.testng.internal.TestInvoker.invokeTestMethod(TestInvoker.java:174)
at org.testng.internal.MethodRunner.runInSequence(MethodRunner.java:46)
at org.testng.internal.TestInvoker$MethodInvocationAgent.invoke(TestInvoker.java:822)
at org.testng.internal.TestInvoker.invokeTestMethods(TestInvoker.java:147)
at org.testng.internal.TestMethodWorker.invokeTestMethods(TestMethodWorker.java:146)
at org.testng.internal.TestMethodWorker.run(TestMethodWorker.java:128)
at java.base/java.util.ArrayList.forEach(ArrayList.java:1541)
at org.testng.TestRunner.privateRun(TestRunner.java:764)
at org.testng.TestRunner.run(TestRunner.java:585)
at org.testng.SuiteRunner.runTest(SuiteRunner.java:384)
at org.testng.SuiteRunner.runSequentially(SuiteRunner.java:378)
at org.testng.SuiteRunner.privateRun(SuiteRunner.java:337)
at org.testng.SuiteRunner.run(SuiteRunner.java:286)
at org.testng.SuiteRunnerWorker.runSuite(SuiteRunnerWorker.java:53)
at org.testng.SuiteRunnerWorker.run(SuiteRunnerWorker.java:96)
at org.testng.TestNG.runSuitesSequentially(TestNG.java:1218)
at org.testng.TestNG.runSuitesLocally(TestNG.java:1140)
at org.testng.TestNG.runSuites(TestNG.java:1069)
at org.testng.TestNG.run(TestNG.java:1037)
at org.apache.maven.surefire.testng.TestNGExecutor.run(TestNGExecutor.java:295)
at org.apache.maven.surefire.testng.TestNGXmlTestSuite.execute(TestNGXmlTestSuite.java:84)
at org.apache.maven.surefire.testng.TestNGProvider.invoke(TestNGProvider.java:90)
at org.apache.maven.surefire.booter.ForkedBooter.invokeProviderInSameClassLoader(ForkedBooter.java:203)
at org.apache.maven.surefire.booter.ForkedBooter.runSuitesInProcess(ForkedBooter.java:155)
at org.apache.maven.surefire.booter.ForkedBooter.main(ForkedBooter.java:103)
]]>
            </full-stacktrace>
          </exception> <!-- java.lang.AssertionError -->
          <reporter-output>
            <line>
              <![CDATA[Capturing Screenshot]]>
            </line>
            <line>
              <![CDATA[<a target="_blank"href=Sat_Jan_23_13_12_16_IST_2021.png>Screenshot</a>]]>
            </line>
            <line>
              <![CDATA[<br>]]>
            </line>
            <line>
              <![CDATA[<a target="_blank"href=Sat_Jan_23_13_12_16_IST_2021.png><img src= Sat_Jan_23_13_12_16_IST_2021.png height=200 width=200></img></a>]]>
            </line>
          </reporter-output>
        </test-method> <!-- LoginAsBankManager -->
      </class> <!-- testcases.BankManagerLoginnTest -->
    </test> <!-- Bank Manager Login Test -->
    <test started-at="2021-01-23T13:12:17 IST" name="Add customer Test" finished-at="2021-01-23T13:12:51 IST" duration-ms="33480">
      <class name="testcases.AddCustomerTest">
        <test-method signature="addCustomerTest(java.lang.String, java.lang.String, java.lang.String, java.lang.String)[pri:0, instance:testcases.AddCustomerTest@24bdb479]" started-at="2021-01-23T13:12:17 IST" name="addCustomerTest" data-provider="dp" finished-at="2021-01-23T13:12:26 IST" duration-ms="8425" status="PASS">
          <params>
            <param index="0">
              <value>
                <![CDATA[sumit]]>
              </value>
            </param>
            <param index="1">
              <value>
                <![CDATA[goyal]]>
              </value>
            </param>
            <param index="2">
              <value>
                <![CDATA[34352s]]>
              </value>
            </param>
            <param index="3">
              <value>
                <![CDATA[Customer added successfully]]>
              </value>
            </param>
          </params>
          <reporter-output>
          </reporter-output>
        </test-method> <!-- addCustomerTest -->
        <test-method signature="addCustomerTest(java.lang.String, java.lang.String, java.lang.String, java.lang.String)[pri:0, instance:testcases.AddCustomerTest@24bdb479]" started-at="2021-01-23T13:12:26 IST" name="addCustomerTest" data-provider="dp" finished-at="2021-01-23T13:12:34 IST" duration-ms="8384" status="PASS">
          <params>
            <param index="0">
              <value>
                <![CDATA[Ankit]]>
              </value>
            </param>
            <param index="1">
              <value>
                <![CDATA[sharma]]>
              </value>
            </param>
            <param index="2">
              <value>
                <![CDATA[42357a]]>
              </value>
            </param>
            <param index="3">
              <value>
                <![CDATA[Customer added successfully]]>
              </value>
            </param>
          </params>
          <reporter-output>
          </reporter-output>
        </test-method> <!-- addCustomerTest -->
        <test-method signature="addCustomerTest(java.lang.String, java.lang.String, java.lang.String, java.lang.String)[pri:0, instance:testcases.AddCustomerTest@24bdb479]" started-at="2021-01-23T13:12:34 IST" name="addCustomerTest" data-provider="dp" finished-at="2021-01-23T13:12:43 IST" duration-ms="8130" status="PASS">
          <params>
            <param index="0">
              <value>
                <![CDATA[vaibhav]]>
              </value>
            </param>
            <param index="1">
              <value>
                <![CDATA[sharma]]>
              </value>
            </param>
            <param index="2">
              <value>
                <![CDATA[22a]]>
              </value>
            </param>
            <param index="3">
              <value>
                <![CDATA[Customer added successfully]]>
              </value>
            </param>
          </params>
          <reporter-output>
          </reporter-output>
        </test-method> <!-- addCustomerTest -->
        <test-method signature="addCustomerTest(java.lang.String, java.lang.String, java.lang.String, java.lang.String)[pri:0, instance:testcases.AddCustomerTest@24bdb479]" started-at="2021-01-23T13:12:43 IST" name="addCustomerTest" data-provider="dp" finished-at="2021-01-23T13:12:51 IST" duration-ms="8095" status="PASS">
          <params>
            <param index="0">
              <value>
                <![CDATA[Nivideta]]>
              </value>
            </param>
            <param index="1">
              <value>
                <![CDATA[goyal]]>
              </value>
            </param>
            <param index="2">
              <value>
                <![CDATA[88aas]]>
              </value>
            </param>
            <param index="3">
              <value>
                <![CDATA[Customer added successfully]]>
              </value>
            </param>
          </params>
          <reporter-output>
          </reporter-output>
        </test-method> <!-- addCustomerTest -->
      </class> <!-- testcases.AddCustomerTest -->
    </test> <!-- Add customer Test -->
    <test started-at="2021-01-23T13:12:51 IST" name="Open Account Test" finished-at="2021-01-23T13:12:52 IST" duration-ms="1017">
      <class name="testcases.OpenAccountTest">
        <test-method is-config="true" signature="Setup()[pri:0, instance:testcases.OpenAccountTest@3383649e]" started-at="2021-01-23T13:11:56 IST" name="Setup" finished-at="2021-01-23T13:12:11 IST" duration-ms="15021" status="PASS">
          <reporter-output>
          </reporter-output>
        </test-method> <!-- Setup -->
        <test-method signature="openAccountTest(java.lang.String, java.lang.String)[pri:0, instance:testcases.OpenAccountTest@3383649e]" started-at="2021-01-23T13:12:51 IST" name="openAccountTest" data-provider="dp" finished-at="2021-01-23T13:12:52 IST" duration-ms="851" status="PASS">
          <params>
            <param index="0">
              <value>
                <![CDATA[sumit goyal]]>
              </value>
            </param>
            <param index="1">
              <value>
                <![CDATA[Rupee]]>
              </value>
            </param>
          </params>
          <reporter-output>
          </reporter-output>
        </test-method> <!-- openAccountTest -->
        <test-method is-config="true" signature="tearDown()[pri:0, instance:testcases.OpenAccountTest@3383649e]" started-at="2021-01-23T13:12:52 IST" name="tearDown" finished-at="2021-01-23T13:12:53 IST" duration-ms="1430" status="PASS">
          <reporter-output>
          </reporter-output>
        </test-method> <!-- tearDown -->
      </class> <!-- testcases.OpenAccountTest -->
    </test> <!-- Open Account Test -->
  </suite> <!-- Suite Data Driven Framework -->
</testng-results>
