<!DOCTYPE html PUBLIC "-//W3C//DTD XHTML 1.1//EN" "https://www.w3.org/TR/xhtml11/DTD/xhtml11.dtd">
<html xmlns="https://www.w3.org/1999/xhtml">
<head>
<meta http-equiv="content-type" content="text/html; charset=UTF-8"/>
<title>TestNG Report</title>
<style type="text/css">table {margin-bottom:10px;border-collapse:collapse;empty-cells:show}th,td {border:1px solid #009;padding:.25em .5em}th {vertical-align:bottom}td {vertical-align:top}table a {font-weight:bold}.stripe td {background-color: #E6EBF9}.num {text-align:right}.passedodd td {background-color: #3F3}.passedeven td {background-color: #0A0}.skippedodd td {background-color: #DDD}.skippedeven td {background-color: #CCC}.failedodd td,.attn {background-color: #F33}.failedeven td,.stripe .attn {background-color: #D00}.stacktrace {white-space:pre;font-family:monospace}.totop {font-size:85%;text-align:center;border-bottom:2px solid #000}.invisible {display:none}</style>
</head>
<body>
<table>
<tr><th>Test</th><th># Passed</th><th># Skipped</th><th># Retried</th><th># Failed</th><th>Time (ms)</th><th>Included Groups</th><th>Excluded Groups</th></tr>
<tr><th colspan="8">Suite Data Driven Framework</th></tr>
<tr><td><a href="#t0">Bank Manager Login Test</a></td><td class="num">0</td><td class="num">0</td><td class="num">0</td><td class="num attn">1</td><td class="num">1,602</td><td></td><td></td></tr>
<tr class="stripe"><td><a href="#t1">Add customer Test</a></td><td class="num">0</td><td class="num">0</td><td class="num">0</td><td class="num attn">1</td><td class="num">3,480</td><td></td><td></td></tr>
<tr><th>Total</th><th class="num">0</th><th class="num">0</th><th class="num">0</th><th class="num attn">2</th><th class="num">5,082</th><th colspan="2"></th></tr>
</table>
<table id='summary'><thead><tr><th>Class</th><th>Method</th><th>Start</th><th>Time (ms)</th></tr></thead><tbody><tr><th colspan="4">Suite Data Driven Framework</th></tr></tbody><tbody id="t0"><tr><th colspan="4">Bank Manager Login Test &#8212; failed</th></tr><tr class="failedeven"><td rowspan="1">com.w2a.testcases.BankManagerLoginnTest</td><td><a href="#m0">LoginAsBankManager</a></td><td rowspan="1">1606212419132</td><td rowspan="1">496</td></tr></tbody>
<tbody id="t1"><tr><th colspan="4">Add customer Test &#8212; failed</th></tr><tr class="failedeven"><td rowspan="1">com.w2a.testcases.AddCustomerTest</td><td><a href="#m1">getData</a></td><td rowspan="1">1606212420728</td><td rowspan="1">2951</td></tr></tbody>
</table>
<h2>Bank Manager Login Test</h2><h3 id="m0">com.w2a.testcases.BankManagerLoginnTest#LoginAsBankManager</h3><table class="result"><tr><th>Messages</th></tr><tr><td><div class="messages">Capturing Screenshot<br/><a target="_blank"href=Tue_Nov_24_15_36_59_IST_2020.png>Screenshot</a><br/><br><br/><a target="_blank"href=Tue_Nov_24_15_36_59_IST_2020.png><img src= Tue_Nov_24_15_36_59_IST_2020.png height=200 width=200></img></a></div></td></tr><tr><th>Exception</th></tr><tr><td><div class="stacktrace">java.lang.AssertionError: Login failed
	at com.w2a.testcases.BankManagerLoginnTest.LoginAsBankManager(BankManagerLoginnTest.java:25)
	at java.base/java.util.ArrayList.forEach(ArrayList.java:1541)
... Removed 31 stack frames</div></td></tr></table><p class="totop"><a href="#summary">back to summary</a></p>
<h2>Add customer Test</h2><h3 id="m1">com.w2a.testcases.AddCustomerTest#getData</h3><table class="result"><tr><th>Exception</th></tr><tr><td><div class="stacktrace">org.openqa.selenium.UnhandledAlertException: unexpected alert open: {Alert text : Customer added successfully with customer id :6}
  (Session info: chrome=86.0.4240.198): Customer added successfully with customer id :6
Build info: version: &apos;3.141.5&apos;, revision: &apos;d54ebd709a&apos;, time: &apos;2018-11-06T11:42:16&apos;
System info: host: &apos;DESKTOP-R32VSJE&apos;, ip: &apos;192.168.1.2&apos;, os.name: &apos;Windows 10&apos;, os.arch: &apos;amd64&apos;, os.version: &apos;10.0&apos;, java.version: &apos;11.0.8&apos;
Driver info: org.openqa.selenium.chrome.ChromeDriver
Capabilities {acceptInsecureCerts: false, browserName: chrome, browserVersion: 86.0.4240.198, chrome: {chromedriverVersion: 85.0.4183.87 (cd6713ebf92fa..., userDataDir: C:\Users\SUMITG~1\AppData\L...}, goog:chromeOptions: {debuggerAddress: localhost:50978}, javascriptEnabled: true, networkConnectionEnabled: false, pageLoadStrategy: normal, platform: WINDOWS, platformName: WINDOWS, proxy: Proxy(), setWindowRect: true, strictFileInteractability: false, timeouts: {implicit: 0, pageLoad: 300000, script: 30000}, unhandledPromptBehavior: dismiss and notify, webauthn:virtualAuthenticators: true}
Session ID: cbb202d22b99400eb72dd2515993f9c1
	at org.openqa.selenium.remote.http.W3CHttpResponseCodec.decode(W3CHttpResponseCodec.java:120)
	at org.openqa.selenium.remote.http.W3CHttpResponseCodec.decode(W3CHttpResponseCodec.java:49)
	at org.openqa.selenium.remote.HttpCommandExecutor.execute(HttpCommandExecutor.java:158)
	at org.openqa.selenium.remote.service.DriverCommandExecutor.execute(DriverCommandExecutor.java:83)
	at org.openqa.selenium.remote.RemoteWebDriver.execute(RemoteWebDriver.java:552)
	at org.openqa.selenium.remote.RemoteWebDriver.execute(RemoteWebDriver.java:609)
	at org.openqa.selenium.remote.RemoteWebDriver.getScreenshotAs(RemoteWebDriver.java:295)
	at com.w2a.utilities.TestUtil.CapTureScreenshot(TestUtil.java:26)
	at com.w2a.listeners.CustomListeners.onTestFailure(CustomListeners.java:33)
	at java.base/java.util.ArrayList.forEach(ArrayList.java:1541)
... Removed 27 stack frames</div></td></tr></table><p class="totop"><a href="#summary">back to summary</a></p>
</body>
</html>
